PIL.PngImagePlugin - DEBUG - STREAM b'IHDR' 16 13
PIL.PngImagePlugin - DEBUG - STREAM b'sBIT' 41 4
PIL.PngImagePlugin - DEBUG - b'sBIT' 41 4 (unknown)
PIL.PngImagePlugin - DEBUG - STREAM b'pHYs' 57 9
PIL.PngImagePlugin - DEBUG - STREAM b'tEXt' 78 22
PIL.PngImagePlugin - DEBUG - STREAM b'tEXt' 112 28
PIL.PngImagePlugin - DEBUG - STREAM b'prVW' 152 2553
PIL.PngImagePlugin - DEBUG - b'prVW' 152 2553 (unknown)
PIL.PngImagePlugin - DEBUG - STREAM b'mkBF' 2717 72
PIL.PngImagePlugin - DEBUG - b'mkBF' 2717 72 (unknown)
PIL.PngImagePlugin - DEBUG - STREAM b'mkTS' 2801 35022
PIL.PngImagePlugin - DEBUG - b'mkTS' 2801 35022 (unknown)
PIL.PngImagePlugin - DEBUG - STREAM b'mkBS' 37835 190
PIL.PngImagePlugin - DEBUG - b'mkBS' 37835 190 (unknown)
PIL.PngImagePlugin - DEBUG - STREAM b'mkBT' 38037 2741
PIL.PngImagePlugin - DEBUG - b'mkBT' 38037 2741 (unknown)
PIL.PngImagePlugin - DEBUG - STREAM b'mkBT' 40790 18351
PIL.PngImagePlugin - DEBUG - b'mkBT' 40790 18351 (unknown)
PIL.PngImagePlugin - DEBUG - STREAM b'mkBT' 59153 5032
PIL.PngImagePlugin - DEBUG - b'mkBT' 59153 5032 (unknown)
PIL.PngImagePlugin - DEBUG - STREAM b'mkBT' 64197 3799
PIL.PngImagePlugin - DEBUG - b'mkBT' 64197 3799 (unknown)
PIL.PngImagePlugin - DEBUG - STREAM b'mkBT' 68008 537
PIL.PngImagePlugin - DEBUG - b'mkBT' 68008 537 (unknown)
PIL.PngImagePlugin - DEBUG - STREAM b'mkBT' 68557 1145
PIL.PngImagePlugin - DEBUG - b'mkBT' 68557 1145 (unknown)
PIL.PngImagePlugin - DEBUG - STREAM b'mkBT' 69714 16701
PIL.PngImagePlugin - DEBUG - b'mkBT' 69714 16701 (unknown)
PIL.PngImagePlugin - DEBUG - STREAM b'mkBT' 86427 339
PIL.PngImagePlugin - DEBUG - b'mkBT' 86427 339 (unknown)
PIL.PngImagePlugin - DEBUG - STREAM b'mkBT' 86778 4466
PIL.PngImagePlugin - DEBUG - b'mkBT' 86778 4466 (unknown)
PIL.PngImagePlugin - DEBUG - STREAM b'mkBT' 91256 10775
PIL.PngImagePlugin - DEBUG - b'mkBT' 91256 10775 (unknown)
PIL.PngImagePlugin - DEBUG - STREAM b'iTXt' 102043 12824
PIL.PngImagePlugin - DEBUG - STREAM b'IDAT' 114879 6553
